<?xml version="1.0" encoding="utf-8"?><testsuites name="pytest tests"><testsuite name="pytest" errors="0" failures="0" skipped="0" tests="43" time="35.199" timestamp="2026-02-08T14:56:38.284870+00:00" hostname="agent-env-a5b02460-7aba-457a-9440-ece656101c15"><testcase classname="backend.tests.test_admin_cms.TestAdminCMS" name="test_analytics_summary" time="0.316" /><testcase classname="backend.tests.test_admin_cms.TestAdminCMS" name="test_lead_conversion_stats" time="0.040" /><testcase classname="backend.tests.test_admin_cms.TestAdminCMS" name="test_leads_by_source" time="0.038" /><testcase classname="backend.tests.test_admin_cms.TestAdminCMS" name="test_top_pages" time="0.037" /><testcase classname="backend.tests.test_admin_cms.TestAdminCMS" name="test_page_views_trend" time="0.036" /><testcase classname="backend.tests.test_admin_cms.TestAdminCMS" name="test_track_page_view" time="0.035" /><testcase classname="backend.tests.test_admin_cms.TestAdminCMS" name="test_get_leads_with_filters" time="0.075" /><testcase classname="backend.tests.test_admin_cms.TestAdminCMS" name="test_update_lead_status" time="0.116" /><testcase classname="backend.tests.test_admin_cms.TestAdminCMS" name="test_get_admin_blogs" time="0.038" /><testcase classname="backend.tests.test_admin_cms.TestAdminCMS" name="test_create_blog" time="0.038" /><testcase classname="backend.tests.test_admin_cms.TestAdminCMS" name="test_update_blog" time="0.067" /><testcase classname="backend.tests.test_admin_cms.TestAdminCMS" name="test_toggle_blog_publish" time="0.113" /><testcase classname="backend.tests.test_admin_cms.TestAdminCMS" name="test_delete_blog" time="0.105" /><testcase classname="backend.tests.test_admin_cms.TestAdminCMS" name="test_leads_by_interest" time="0.039" /><testcase classname="backend.tests.test_profiles_settings.TestStudentProfiles" name="test_create_student_profile" time="0.037" /><testcase classname="backend.tests.test_profiles_settings.TestStudentProfiles" name="test_create_profile_duplicate_email" time="0.070" /><testcase classname="backend.tests.test_profiles_settings.TestStudentProfiles" name="test_get_public_profile" time="0.076" /><testcase classname="backend.tests.test_profiles_settings.TestStudentProfiles" name="test_get_nonexistent_profile" time="0.035" /><testcase classname="backend.tests.test_profiles_settings.TestStudentProfiles" name="test_profile_view_count_increment" time="0.174" /><testcase classname="backend.tests.test_profiles_settings.TestStudentProfiles" name="test_get_all_profiles_admin" time="0.295" /><testcase classname="backend.tests.test_profiles_settings.TestStudentProfiles" name="test_profile_analytics" time="0.035" /><testcase classname="backend.tests.test_profiles_settings.TestSiteSettings" name="test_get_site_settings_public" time="0.031" /><testcase classname="backend.tests.test_profiles_settings.TestSiteSettings" name="test_update_site_settings" time="0.427" /><testcase classname="backend.tests.test_profiles_settings.TestSiteSettings" name="test_update_settings_unauthorized" time="0.040" /><testcase classname="backend.tests.test_profiles_settings.TestCourseManagement" name="test_get_courses" time="0.043" /><testcase classname="backend.tests.test_profiles_settings.TestCourseManagement" name="test_toggle_course_status" time="0.409" /><testcase classname="backend.tests.test_skillax_api.TestHealthAndRoot" name="test_api_root" time="0.032" /><testcase classname="backend.tests.test_skillax_api.TestAdminAuth" name="test_admin_login_success" time="0.265" /><testcase classname="backend.tests.test_skillax_api.TestAdminAuth" name="test_admin_login_invalid_credentials" time="0.038" /><testcase classname="backend.tests.test_skillax_api.TestAdminAuth" name="test_admin_me_without_token" time="0.038" /><testcase classname="backend.tests.test_skillax_api.TestLeads" name="test_create_lead_from_website" time="0.036" /><testcase classname="backend.tests.test_skillax_api.TestLeads" name="test_create_lead_from_course_quiz" time="0.034" /><testcase classname="backend.tests.test_skillax_api.TestLeads" name="test_create_lead_from_chatbot" time="0.039" /><testcase classname="backend.tests.test_skillax_api.TestLeads" name="test_get_leads_requires_auth" time="0.036" /><testcase classname="backend.tests.test_skillax_api.TestContact" name="test_submit_contact_form" time="0.035" /><testcase classname="backend.tests.test_skillax_api.TestCourses" name="test_get_courses" time="0.037" /><testcase classname="backend.tests.test_skillax_api.TestCourses" name="test_get_course_by_slug" time="0.034" /><testcase classname="backend.tests.test_skillax_api.TestCourses" name="test_get_nonexistent_course" time="0.036" /><testcase classname="backend.tests.test_skillax_api.TestBlogs" name="test_get_blogs" time="0.050" /><testcase classname="backend.tests.test_skillax_api.TestBlogs" name="test_get_blog_by_slug" time="0.076" /><testcase classname="backend.tests.test_skillax_api.TestChatbot" name="test_chatbot_response" time="3.157" /><testcase classname="backend.tests.test_skillax_api.TestAnalytics" name="test_analytics_summary" time="28.057" /><testcase classname="backend.tests.test_skillax_api.TestAnalytics" name="test_leads_by_source" time="0.358" /></testsuite></testsuites>