<?xml version="1.0" encoding="utf-8"?><testsuites name="pytest tests"><testsuite name="pytest" errors="0" failures="0" skipped="0" tests="31" time="5.720" timestamp="2026-02-08T12:10:10.270500+00:00" hostname="agent-env-a5b02460-7aba-457a-9440-ece656101c15"><testcase classname="backend.tests.test_admin_cms.TestAdminCMS" name="test_analytics_summary" time="0.342" /><testcase classname="backend.tests.test_admin_cms.TestAdminCMS" name="test_lead_conversion_stats" time="0.079" /><testcase classname="backend.tests.test_admin_cms.TestAdminCMS" name="test_leads_by_source" time="0.038" /><testcase classname="backend.tests.test_admin_cms.TestAdminCMS" name="test_top_pages" time="0.042" /><testcase classname="backend.tests.test_admin_cms.TestAdminCMS" name="test_page_views_trend" time="0.041" /><testcase classname="backend.tests.test_admin_cms.TestAdminCMS" name="test_track_page_view" time="0.036" /><testcase classname="backend.tests.test_admin_cms.TestAdminCMS" name="test_get_leads_with_filters" time="0.071" /><testcase classname="backend.tests.test_admin_cms.TestAdminCMS" name="test_update_lead_status" time="0.127" /><testcase classname="backend.tests.test_admin_cms.TestAdminCMS" name="test_get_admin_blogs" time="0.042" /><testcase classname="backend.tests.test_admin_cms.TestAdminCMS" name="test_create_blog" time="0.041" /><testcase classname="backend.tests.test_admin_cms.TestAdminCMS" name="test_update_blog" time="0.074" /><testcase classname="backend.tests.test_admin_cms.TestAdminCMS" name="test_toggle_blog_publish" time="0.115" /><testcase classname="backend.tests.test_admin_cms.TestAdminCMS" name="test_delete_blog" time="0.160" /><testcase classname="backend.tests.test_admin_cms.TestAdminCMS" name="test_leads_by_interest" time="0.042" /><testcase classname="backend.tests.test_skillax_api.TestHealthAndRoot" name="test_api_root" time="0.037" /><testcase classname="backend.tests.test_skillax_api.TestAdminAuth" name="test_admin_login_success" time="0.272" /><testcase classname="backend.tests.test_skillax_api.TestAdminAuth" name="test_admin_login_invalid_credentials" time="0.036" /><testcase classname="backend.tests.test_skillax_api.TestAdminAuth" name="test_admin_me_without_token" time="0.038" /><testcase classname="backend.tests.test_skillax_api.TestLeads" name="test_create_lead_from_website" time="0.048" /><testcase classname="backend.tests.test_skillax_api.TestLeads" name="test_create_lead_from_course_quiz" time="0.041" /><testcase classname="backend.tests.test_skillax_api.TestLeads" name="test_create_lead_from_chatbot" time="0.032" /><testcase classname="backend.tests.test_skillax_api.TestLeads" name="test_get_leads_requires_auth" time="0.033" /><testcase classname="backend.tests.test_skillax_api.TestContact" name="test_submit_contact_form" time="0.077" /><testcase classname="backend.tests.test_skillax_api.TestCourses" name="test_get_courses" time="0.035" /><testcase classname="backend.tests.test_skillax_api.TestCourses" name="test_get_course_by_slug" time="0.034" /><testcase classname="backend.tests.test_skillax_api.TestCourses" name="test_get_nonexistent_course" time="0.037" /><testcase classname="backend.tests.test_skillax_api.TestBlogs" name="test_get_blogs" time="0.036" /><testcase classname="backend.tests.test_skillax_api.TestBlogs" name="test_get_blog_by_slug" time="0.070" /><testcase classname="backend.tests.test_skillax_api.TestChatbot" name="test_chatbot_response" time="2.907" /><testcase classname="backend.tests.test_skillax_api.TestAnalytics" name="test_analytics_summary" time="0.368" /><testcase classname="backend.tests.test_skillax_api.TestAnalytics" name="test_leads_by_source" time="0.295" /></testsuite></testsuites>